2026-01-19T10:48:27.219Z INFO Is remote: false
2026-01-19T10:48:27.220Z INFO Starting Local. Installation path: undefined
2026-01-19T10:48:27.221Z INFO [MainProvider] Creating new MainProvider instance...
2026-01-19T10:48:27.223Z INFO [TabsManager] Code view listener set up at initialization
2026-01-19T10:48:27.223Z INFO Installation path exists: c:\Users\msi\Desktop\School-OS\backend
2026-01-19T10:48:27.224Z INFO Initializing database with URL: file:C:\Users\msi\AppData\Local\Temp\pythagora-temp\pythagora.db
2026-01-19T10:48:27.228Z INFO Database file exists, skipping prisma generate/push for faster startup
2026-01-19T10:48:27.230Z INFO Database initialized successfully
2026-01-19T10:48:27.231Z INFO [Migration] Checking for database migration...
2026-01-19T10:48:27.482Z INFO [Migration] No migration needed
2026-01-19T10:53:43.368Z INFO [TabsManager] First file opened, triggering split view
2026-01-19T10:53:43.369Z INFO [MainProvider] First file opened, creating split view
2026-01-19T10:54:14.650Z INFO [TabsManager] First file opened, triggering split view
2026-01-19T10:54:14.650Z INFO [MainProvider] First file opened, creating split view
2026-01-19T10:54:32.465Z INFO [TabsManager] First file opened, triggering split view
2026-01-19T10:54:32.466Z INFO [MainProvider] First file opened, creating split view
2026-01-19T10:54:47.520Z INFO [TabsManager] First file opened, triggering split view
2026-01-19T10:54:47.520Z INFO [MainProvider] First file opened, creating split view
2026-01-19T10:55:36.305Z INFO [TabsManager] First file opened, triggering split view
2026-01-19T10:55:36.305Z INFO [MainProvider] First file opened, creating split view
2026-01-19T10:55:47.086Z INFO [TabsManager] First file opened, triggering split view
2026-01-19T10:55:47.086Z INFO [MainProvider] First file opened, creating split view
2026-01-19T11:47:50.557Z INFO Closing entire Pythagora extension...
2026-01-19T11:47:50.589Z ERROR Error closing extension
Error: Canceled
Stack: Canceled: Canceled
    at new OU (file:///c:/Users/msi/AppData/Local/Programs/Microsoft%20VS%20Code/resources/app/out/vs/workbench/api/node/extensionHostProcess.js:29:120707)
    at AE.U (file:///c:/Users/msi/AppData/Local/Programs/Microsoft%20VS%20Code/resources/app/out/vs/workbench/api/node/extensionHostProcess.js:29:125317)
    at Proxy.s.<computed>.n.charCodeAt.s.<computed> (file:///c:/Users/msi/AppData/Local/Programs/Microsoft%20VS%20Code/resources/app/out/vs/workbench/api/node/extensionHostProcess.js:29:122811)
    at mA.g (file:///c:/Users/msi/AppData/Local/Programs/Microsoft%20VS%20Code/resources/app/out/vs/workbench/api/node/extensionHostProcess.js:116:41231)
    at mA.executeCommand (file:///c:/Users/msi/AppData/Local/Programs/Microsoft%20VS%20Code/resources/app/out/vs/workbench/api/node/extensionHostProcess.js:116:40735)
    at Object.executeCommand (file:///c:/Users/msi/AppData/Local/Programs/Microsoft%20VS%20Code/resources/app/out/vs/workbench/api/node/extensionHostProcess.js:213:102115)
    at closeEntirePythagoraExtension (c:\Users\msi\.vscode\extensions\pythagoratechnologies.pythagora-vs-code-2.6.19\out\extension.js:542:31)
    at Object.deactivate (c:\Users\msi\.vscode\extensions\pythagoratechnologies.pythagora-vs-code-2.6.19\out\extension.js:409:15)
    at kK.eb (file:///c:/Users/msi/AppData/Local/Programs/Microsoft%20VS%20Code/resources/app/out/vs/workbench/api/node/extensionHostProcess.js:120:11850)
    at file:///c:/Users/msi/AppData/Local/Programs/Microsoft%20VS%20Code/resources/app/out/vs/workbench/api/node/extensionHostProcess.js:120:10000
    at Array.map (<anonymous>)
    at kK.$ (file:///c:/Users/msi/AppData/Local/Programs/Microsoft%20VS%20Code/resources/app/out/vs/workbench/api/node/extensionHostProcess.js:120:9988)
    at kK.terminate (file:///c:/Users/msi/AppData/Local/Programs/Microsoft%20VS%20Code/resources/app/out/vs/workbench/api/node/extensionHostProcess.js:120:10231)
    at UM.terminate (file:///c:/Users/msi/AppData/Local/Programs/Microsoft%20VS%20Code/resources/app/out/vs/workbench/api/node/extensionHostProcess.js:122:914)
    at _s (file:///c:/Users/msi/AppData/Local/Programs/Microsoft%20VS%20Code/resources/app/out/vs/workbench/api/node/extensionHostProcess.js:405:11135)
    at MessagePortMain.<anonymous> (file:///c:/Users/msi/AppData/Local/Programs/Microsoft%20VS%20Code/resources/app/out/vs/workbench/api/node/extensionHostProcess.js:405:7610)
    at MessagePortMain.emit (node:events:519:28)
    at Object.MessagePortMain._internalPort.emit (node:electron/js2c/utility_init:2:2959)
    at Object.callbackTrampoline (node:internal/async_hooks:130:17)
Extra context: {
  "message": "Canceled"
}
